[    0.000000] Linux version 4.15.0-212-generic (buildd@lcy02-amd64-083) (gcc version 7.5.0 (Ubuntu 7.5.0-3ubuntu1~18.04)) #223-Ubuntu SMP Tue May 23 13:09:22 UTC 2023 (Ubuntu 4.15.0-212.223-generic 4.15.18)
[    0.000000] Command line: BOOT_IMAGE=/boot/vmlinuz-4.15.0-212-generic root=LABEL=cloudimg-rootfs ro console=tty1 console=ttyS0
[    0.000000] KERNEL supported cpus:
[    0.000000]   Intel GenuineIntel
[    0.000000]   AMD AuthenticAMD
[    0.000000]   Centaur CentaurHauls
[    0.000000] x86/fpu: x87 FPU will use FXSAVE
[    0.000000] e820: BIOS-provided physical RAM map:
[    0.000000] BIOS-e820: [mem 0x0000000000000000-0x000000000009fbff] usable
[    0.000000] BIOS-e820: [mem 0x000000000009fc00-0x000000000009ffff] reserved
[    0.000000] BIOS-e820: [mem 0x00000000000f0000-0x00000000000fffff] reserved
[    0.000000] BIOS-e820: [mem 0x0000000000100000-0x000000003ffeffff] usable
[    0.000000] BIOS-e820: [mem 0x000000003fff0000-0x000000003fffffff] ACPI data
[    0.000000] BIOS-e820: [mem 0x00000000fec00000-0x00000000fec00fff] reserved
[    0.000000] BIOS-e820: [mem 0x00000000fee00000-0x00000000fee00fff] reserved
[    0.000000] BIOS-e820: [mem 0x00000000fffc0000-0x00000000ffffffff] reserved
[    0.000000] NX (Execute Disable) protection: active
[    0.000000] SMBIOS 2.5 present.
[    0.000000] DMI: innotek GmbH VirtualBox/VirtualBox, BIOS VirtualBox 12/01/2006
[    0.000000] Hypervisor detected: KVM
[    0.000000] e820: last_pfn = 0x3fff0 max_arch_pfn = 0x400000000
[    0.000000] MTRR: Disabled
[    0.000000] x86/PAT: MTRRs disabled, skipping PAT initialization too.
[    0.000000] CPU MTRRs all blank - virtualized system.
[    0.000000] x86/PAT: Configuration [0-7]: WB  WT  UC- UC  WB  WT  UC- UC  
[    0.000000] found SMP MP-table at [mem 0x0009fff0-0x0009ffff]
[    0.000000] Scanning 1 areas for low memory corruption
[    0.000000] RAMDISK: [mem 0x359cb000-0x36cdcfff]
[    0.000000] ACPI: Early table checksum verification disabled
[    0.000000] ACPI: RSDP 0x00000000000E0000 000024 (v02 VBOX  )
[    0.000000] ACPI: XSDT 0x000000003FFF0030 00003C (v01 VBOX   VBOXXSDT 00000001 ASL  00000061)
[    0.000000] ACPI: FACP 0x000000003FFF00F0 0000F4 (v04 VBOX   VBOXFACP 00000001 ASL  00000061)
[    0.000000] ACPI: DSDT 0x000000003FFF0610 002353 (v02 VBOX   VBOXBIOS 00000002 INTL 20100528)
[    0.000000] ACPI: FACS 0x000000003FFF0200 000040
[    0.000000] ACPI: FACS 0x000000003FFF0200 000040
[    0.000000] ACPI: APIC 0x000000003FFF0240 00005C (v02 VBOX   VBOXAPIC 00000001 ASL  00000061)
[    0.000000] ACPI: SSDT 0x000000003FFF02A0 00036C (v01 VBOX   VBOXCPUT 00000002 INTL 20100528)
[    0.000000] ACPI: Reserving FACP table memory at [mem 0x3fff00f0-0x3fff01e3]
[    0.000000] ACPI: Reserving DSDT table memory at [mem 0x3fff0610-0x3fff2962]
[    0.000000] ACPI: Reserving FACS table memory at [mem 0x3fff0200-0x3fff023f]
[    0.000000] ACPI: Reserving FACS table memory at [mem 0x3fff0200-0x3fff023f]
[    0.000000] ACPI: Reserving APIC table memory at [mem 0x3fff0240-0x3fff029b]
[    0.000000] ACPI: Reserving SSDT table memory at [mem 0x3fff02a0-0x3fff060b]
[    0.000000] No NUMA configuration found
[    0.000000] Faking a node at [mem 0x0000000000000000-0x000000003ffeffff]
[    0.000000] NODE_DATA(0) allocated [mem 0x3ffc5000-0x3ffeffff]
[    0.000000] kvm-clock: cpu 0, msr 0:3ff44001, primary cpu clock
[    0.000000] kvm-clock: Using msrs 4b564d01 and 4b564d00
[    0.000000] kvm-clock: using sched offset of 4912099893 cycles
[    0.000000] clocksource: kvm-clock: mask: 0xffffffffffffffff max_cycles: 0x1cd42e4dffb, max_idle_ns: 881590591483 ns
[    0.000000] Zone ranges:
[    0.000000]   DMA      [mem 0x0000000000001000-0x0000000000ffffff]
[    0.000000]   DMA32    [mem 0x0000000001000000-0x000000003ffeffff]
[    0.000000]   Normal   empty
[    0.000000]   Device   empty
[    0.000000] Movable zone start for each node
[    0.000000] Early memory node ranges
[    0.000000]   node   0: [mem 0x0000000000001000-0x000000000009efff]
[    0.000000]   node   0: [mem 0x0000000000100000-0x000000003ffeffff]
[    0.000000] Reserved but unavailable: 104 pages
[    0.000000] Initmem setup node 0 [mem 0x0000000000001000-0x000000003ffeffff]
[    0.000000] ACPI: PM-Timer IO Port: 0x4008
[    0.000000] IOAPIC[0]: apic_id 2, version 32, address 0xfec00000, GSI 0-23
[    0.000000] ACPI: INT_SRC_OVR (bus 0 bus_irq 0 global_irq 2 dfl dfl)
[    0.000000] ACPI: INT_SRC_OVR (bus 0 bus_irq 9 global_irq 9 low level)
[    0.000000] Using ACPI (MADT) for SMP configuration information
[    0.000000] smpboot: Allowing 2 CPUs, 0 hotplug CPUs
[    0.000000] PM: Registered nosave memory: [mem 0x00000000-0x00000fff]
[    0.000000] PM: Registered nosave memory: [mem 0x0009f000-0x0009ffff]
[    0.000000] PM: Registered nosave memory: [mem 0x000a0000-0x000effff]
[    0.000000] PM: Registered nosave memory: [mem 0x000f0000-0x000fffff]
[    0.000000] e820: [mem 0x40000000-0xfebfffff] available for PCI devices
[    0.000000] Booting paravirtualized kernel on KVM
[    0.000000] clocksource: refined-jiffies: mask: 0xffffffff max_cycles: 0xffffffff, max_idle_ns: 7645519600211568 ns
[    0.000000] setup_percpu: NR_CPUS:8192 nr_cpumask_bits:2 nr_cpu_ids:2 nr_node_ids:1
[    0.000000] percpu: Embedded 50 pages/cpu s167936 r8192 d28672 u1048576
[    0.000000] PV qspinlock hash table entries: 256 (order: 0, 4096 bytes)
[    0.000000] Built 1 zonelists, mobility grouping on.  Total pages: 257913
[    0.000000] Policy zone: DMA32
[    0.000000] Kernel command line: BOOT_IMAGE=/boot/vmlinuz-4.15.0-212-generic root=LABEL=cloudimg-rootfs ro console=tty1 console=ttyS0
[    0.000000] Memory: 982644K/1048120K available (12300K kernel code, 2477K rwdata, 4324K rodata, 2480K init, 2720K bss, 65476K reserved, 0K cma-reserved)
[    0.000000] SLUB: HWalign=64, Order=0-3, MinObjects=0, CPUs=2, Nodes=1
[    0.000000] ftrace: allocating 39508 entries in 155 pages
[    0.004000] Hierarchical RCU implementation.
[    0.004000] 	RCU restricting CPUs from NR_CPUS=8192 to nr_cpu_ids=2.
[    0.004000] 	Tasks RCU enabled.
[    0.004000] RCU: Adjusting geometry for rcu_fanout_leaf=16, nr_cpu_ids=2
[    0.004000] NR_IRQS: 524544, nr_irqs: 440, preallocated irqs: 16
[    0.004000] random: crng init done
[    0.004000] Console: colour VGA+ 80x25
[    0.004000] console [tty1] enabled
[    0.004000] console [ttyS0] enabled
[    0.004000] ACPI: Core revision 20170831
[    0.004000] ACPI: 2 ACPI AML tables successfully acquired and loaded
[    0.004000] APIC: Switch to symmetric I/O mode setup
[    0.004000] ..TIMER: vector=0x30 apic1=0 pin1=2 apic2=-1 pin2=-1
[    0.004005] tsc: Detected 1800.005 MHz processor
[    0.008010] Calibrating delay loop (skipped) preset value.. 3600.01 BogoMIPS (lpj=7200020)
[    0.012004] pid_max: default: 32768 minimum: 301
[    0.016074] Security Framework initialized
[    0.020005] Yama: becoming mindful.
[    0.024117] AppArmor: AppArmor initialized
[    0.032205] Dentry cache hash table entries: 131072 (order: 8, 1048576 bytes)
[    0.041688] Inode-cache hash table entries: 65536 (order: 7, 524288 bytes)
[    0.044069] Mount-cache hash table entries: 2048 (order: 2, 16384 bytes)
[    0.048065] Mountpoint-cache hash table entries: 2048 (order: 2, 16384 bytes)
[    0.053977] Last level iTLB entries: 4KB 64, 2MB 8, 4MB 8
[    0.056003] Last level dTLB entries: 4KB 64, 2MB 0, 4MB 0, 1GB 4
[    0.060004] Spectre V1 : Mitigation: usercopy/swapgs barriers and __user pointer sanitization
[    0.064003] Spectre V2 : Mitigation: Enhanced IBRS
[    0.068002] Spectre V2 : Spectre v2 / SpectreRSB mitigation: Filling RSB on context switch
[    0.072002] Spectre V2 : Spectre v2 / PBRSB-eIBRS: Retire a single CALL on VMEXIT
[    0.076005] RETBleed: Mitigation: Enhanced IBRS
[    0.080007] Speculative Store Bypass: Vulnerable
[    0.084053] MMIO Stale Data: Vulnerable: Clear CPU buffers attempted, no microcode
[    0.088007] SRBDS: Unknown: Dependent on hypervisor status
[    0.092181] Freeing SMP alternatives memory: 36K
[    0.207708] smpboot: CPU0: Intel(R) Core(TM) i5-8265U CPU @ 1.60GHz (family: 0x6, model: 0x8e, stepping: 0xc)
[    0.208405] Performance Events: unsupported p6 CPU model 142 no PMU driver, software events only.
[    0.212104] Hierarchical SRCU implementation.
[    0.216821] NMI watchdog: Perf event create on CPU 0 failed with -2
[    0.220002] NMI watchdog: Perf NMI watchdog permanently disabled
[    0.224302] smp: Bringing up secondary CPUs ...
[    0.228893] x86: Booting SMP configuration:
[    0.232003] .... node  #0, CPUs:      #1
[    0.004000] kvm-clock: cpu 1, msr 0:3ff44041, secondary cpu clock
[    0.244000] TSC synchronization [CPU#0 -> CPU#1]:
[    0.244000] Measured 49393 cycles TSC warp between CPUs, turning off TSC clock.
[    0.244000] tsc: Marking TSC unstable due to check_tsc_sync_source failed
[    0.244326] smp: Brought up 1 node, 2 CPUs
[    0.248005] smpboot: Max logical packages: 1
[    0.252003] smpboot: Total of 2 processors activated (7200.02 BogoMIPS)
[    0.260519] devtmpfs: initialized
[    0.264101] x86/mm: Memory block size: 128MB
[    0.268370] evm: security.selinux
[    0.271276] evm: security.SMACK64
[    0.272002] evm: security.SMACK64EXEC
[    0.276002] evm: security.SMACK64TRANSMUTE
[    0.280002] evm: security.SMACK64MMAP
[    0.284002] evm: security.apparmor
[    0.286910] evm: security.ima
[    0.288002] evm: security.capability
[    0.292436] clocksource: jiffies: mask: 0xffffffff max_cycles: 0xffffffff, max_idle_ns: 7645041785100000 ns
[    0.296124] futex hash table entries: 512 (order: 3, 32768 bytes)
[    0.304008] pinctrl core: initialized pinctrl subsystem
[    0.308530] RTC time:  7:29:35, date: 05/28/24
[    0.313031] NET: Registered protocol family 16
[    0.316118] audit: initializing netlink subsys (disabled)
[    0.320200] audit: type=2000 audit(1716881382.145:1): state=initialized audit_enabled=0 res=1
[    0.332006] cpuidle: using governor ladder
[    0.336008] cpuidle: using governor menu
[    0.340060] ACPI: bus type PCI registered
[    0.343577] acpiphp: ACPI Hot Plug PCI Controller Driver version: 0.5
[    0.344464] PCI: Using configuration type 1 for base access
[    0.356376] HugeTLB registered 2.00 MiB page size, pre-allocated 0 pages
[    0.364233] ACPI: Added _OSI(Module Device)
[    0.368003] ACPI: Added _OSI(Processor Device)
[    0.372003] ACPI: Added _OSI(3.0 _SCP Extensions)
[    0.376003] ACPI: Added _OSI(Processor Aggregator Device)
[    0.380003] ACPI: Added _OSI(Linux-Dell-Video)
[    0.384003] ACPI: Added _OSI(Linux-Lenovo-NV-HDMI-Audio)
[    0.388003] ACPI: Added _OSI(Linux-HPI-Hybrid-Graphics)
[    0.392835] ACPI: Executed 1 blocks of module-level executable AML code
[    0.403306] ACPI: Interpreter enabled
[    0.404013] ACPI: (supports S0 S5)
[    0.408007] ACPI: Using IOAPIC for interrupt routing
[    0.412610] PCI: Using host bridge windows from ACPI; if necessary, use "pci=nocrs" and report a bug
[    0.416380] ACPI: Enabled 2 GPEs in block 00 to 07
[    0.437381] ACPI: PCI Root Bridge [PCI0] (domain 0000 [bus 00-ff])
[    0.440015] acpi PNP0A03:00: _OSC: OS supports [ASPM ClockPM Segments MSI]
[    0.444906] acpi PNP0A03:00: _OSC: not requesting OS control; OS requires [ExtendedConfig ASPM ClockPM MSI]
[    0.448017] acpi PNP0A03:00: fail to add MMCONFIG information, can't access extended PCI configuration space under this bridge.
[    0.452819] PCI host bridge to bus 0000:00
[    0.456006] pci_bus 0000:00: root bus resource [io  0x0000-0x0cf7 window]
[    0.460004] pci_bus 0000:00: root bus resource [io  0x0d00-0xffff window]
[    0.464004] pci_bus 0000:00: root bus resource [mem 0x000a0000-0x000bffff window]
[    0.468004] pci_bus 0000:00: root bus resource [mem 0x40000000-0xfdffffff window]
[    0.472004] pci_bus 0000:00: root bus resource [bus 00-ff]
[    0.484681] pci 0000:00:01.1: legacy IDE quirk: reg 0x10: [io  0x01f0-0x01f7]
[    0.488004] pci 0000:00:01.1: legacy IDE quirk: reg 0x14: [io  0x03f6]
[    0.492004] pci 0000:00:01.1: legacy IDE quirk: reg 0x18: [io  0x0170-0x0177]
[    0.496003] pci 0000:00:01.1: legacy IDE quirk: reg 0x1c: [io  0x0376]
[    0.523698] pci 0000:00:07.0: quirk: [io  0x4000-0x403f] claimed by PIIX4 ACPI
[    0.524037] pci 0000:00:07.0: quirk: [io  0x4100-0x410f] claimed by PIIX4 SMB
[    0.541320] ACPI: PCI Interrupt Link [LNKA] (IRQs 5 9 10 *11)
[    0.544522] ACPI: PCI Interrupt Link [LNKB] (IRQs 5 9 *10 11)
[    0.548198] ACPI: PCI Interrupt Link [LNKC] (IRQs 5 *9 10 11)
[    0.552198] ACPI: PCI Interrupt Link [LNKD] (IRQs 5 9 10 *11)
[    0.556774] SCSI subsystem initialized
[    0.560208] pci 0000:00:02.0: vgaarb: setting as boot VGA device
[    0.564000] pci 0000:00:02.0: vgaarb: VGA device added: decodes=io+mem,owns=io+mem,locks=none
[    0.564005] pci 0000:00:02.0: vgaarb: bridge control possible
[    0.568002] vgaarb: loaded
[    0.572063] ACPI: bus type USB registered
[    0.576051] usbcore: registered new interface driver usbfs
[    0.580013] usbcore: registered new interface driver hub
[    0.584010] usbcore: registered new device driver usb
[    0.592114] EDAC MC: Ver: 3.0.0
[    0.596511] PCI: Using ACPI for IRQ routing
[    0.600756] NetLabel: Initializing
[    0.604002] NetLabel:  domain hash size = 128
[    0.608002] NetLabel:  protocols = UNLABELED CIPSOv4 CALIPSO
[    0.612019] NetLabel:  unlabeled traffic allowed by default
[    0.616219] clocksource: Switched to clocksource kvm-clock
[    0.626062] VFS: Disk quotas dquot_6.6.0
[    0.626062] VFS: Dquot-cache hash table entries: 512 (order 0, 4096 bytes)
[    0.626062] AppArmor: AppArmor Filesystem Enabled
[    0.626062] pnp: PnP ACPI init
[    0.626062] pnp: PnP ACPI: found 3 devices
[    0.728883] clocksource: acpi_pm: mask: 0xffffff max_cycles: 0xffffff, max_idle_ns: 2085701024 ns
[    0.732833] NET: Registered protocol family 2
[    0.732833] IP idents hash table entries: 16384 (order: 5, 131072 bytes)
[    0.747294] TCP established hash table entries: 8192 (order: 4, 65536 bytes)
[    0.754148] TCP bind hash table entries: 8192 (order: 5, 131072 bytes)
[    0.760262] TCP: Hash tables configured (established 8192 bind 8192)
[    0.763817] UDP hash table entries: 512 (order: 2, 16384 bytes)
[    0.763817] UDP-Lite hash table entries: 512 (order: 2, 16384 bytes)
[    0.763817] NET: Registered protocol family 1
[    0.763817] pci 0000:00:00.0: Limiting direct PCI/PCI transfers
[    0.763817] pci 0000:00:01.0: Activating ISA DMA hang workarounds
[    0.763817] pci 0000:00:02.0: Video device with shadowed ROM at [mem 0x000c0000-0x000dffff]
[    0.763817] Unpacking initramfs...
[    1.989619] Freeing initrd memory: 19528K
[    1.998800] clocksource: tsc: mask: 0xffffffffffffffff max_cycles: 0x19f22e42037, max_idle_ns: 440795249997 ns
[    2.018605] platform rtc_cmos: registered platform RTC device (no PNP device found)
[    2.034168] Scanning for low memory corruption every 60 seconds
[    2.051502] Initialise system trusted keyrings
[    2.061319] Key type blacklist registered
[    2.071555] workingset: timestamp_bits=36 max_order=18 bucket_order=0
[    2.090784] zbud: loaded
[    2.101450] squashfs: version 4.0 (2009/01/31) Phillip Lougher
[    2.119739] fuse init (API version 7.26)
[    2.189543] Key type asymmetric registered
[    2.198551] Asymmetric key parser 'x509' registered
[    2.208733] Block layer SCSI generic (bsg) driver version 0.4 loaded (major 246)
[    2.224983] io scheduler noop registered
[    2.233812] io scheduler deadline registered
[    2.243165] io scheduler cfq registered (default)
[    2.254076] ACPI: AC Adapter [AC] (on-line)
[    2.263205] input: Power Button as /devices/LNXSYSTM:00/LNXPWRBN:00/input/input0
[    2.274388] ACPI: Power Button [PWRF]
[    2.277951] input: Sleep Button as /devices/LNXSYSTM:00/LNXSLPBN:00/input/input1
[    2.284543] ACPI: Sleep Button [SLPF]
[    2.289170] Serial: 8250/16550 driver, 32 ports, IRQ sharing enabled
[    2.320977] 00:02: ttyS0 at I/O 0x3f8 (irq = 4, base_baud = 115200) is a 16550A
[    2.346957] Linux agpgart interface v0.103
[    2.361346] loop: module loaded
[    2.367419] scsi host0: ata_piix
[    2.371825] scsi host1: ata_piix
[    2.374530] ata1: PATA max UDMA/33 cmd 0x1f0 ctl 0x3f6 bmdma 0xd000 irq 14
[    2.375757] ata2: PATA max UDMA/33 cmd 0x170 ctl 0x376 bmdma 0xd008 irq 15
[    2.386306] tun: Universal TUN/TAP device driver, 1.6
[    2.392397] PPP generic driver version 2.4.2
[    2.397079] ehci_hcd: USB 2.0 'Enhanced' Host Controller (EHCI) Driver
[    2.403010] ehci-pci: EHCI PCI platform driver
[    2.407566] ehci-platform: EHCI generic platform driver
[    2.413058] ohci_hcd: USB 1.1 'Open' Host Controller (OHCI) Driver
[    2.418535] ohci-pci: OHCI PCI platform driver
[    2.423182] ohci-platform: OHCI generic platform driver
[    2.427879] uhci_hcd: USB Universal Host Controller Interface driver
[    2.433955] i8042: PNP: PS/2 Controller [PNP0303:PS2K,PNP0f03:PS2M] at 0x60,0x64 irq 1,12
[    2.445481] serio: i8042 KBD port at 0x60,0x64 irq 1
[    2.450251] serio: i8042 AUX port at 0x60,0x64 irq 12
[    2.455844] mousedev: PS/2 mouse device common for all mice
[    2.462460] input: AT Translated Set 2 keyboard as /devices/platform/i8042/serio0/input/input2
[    2.472472] rtc_cmos rtc_cmos: rtc core: registered rtc_cmos as rtc0
[    2.478798] rtc_cmos rtc_cmos: alarms up to one day, 114 bytes nvram
[    2.482288] i2c /dev entries driver
[    2.482288] device-mapper: uevent: version 1.0.3
[    2.491350] device-mapper: ioctl: 4.37.0-ioctl (2017-09-20) initialised: dm-devel@redhat.com
[    2.498680] ledtrig-cpu: registered to indicate activity on CPUs
[    2.505934] NET: Registered protocol family 10
[    2.523599] Segment Routing with IPv6
[    2.527364] NET: Registered protocol family 17
[    2.532176] Key type dns_resolver registered
[    2.536808] mce: Using 0 MCE banks
[    2.539833] RAS: Correctable Errors collector initialized.
[    2.544504] sched_clock: Marking stable (2544444277, 0)->(3268141023, -723696746)
[    2.601644] registered taskstats version 1
[    2.606054] Loading compiled-in X.509 certificates
[    2.616237] Loaded X.509 cert 'Build time autogenerated kernel key: b5b26778eaa3ab3a4a6cee031137706e947d12ad'
[    2.626403] Loaded X.509 cert 'Canonical Ltd. Live Patch Signing: 14df34d1a87cf37625abec039ef2bf521249b969'
[    2.636429] Loaded X.509 cert 'Canonical Ltd. Kernel Module Signing: 88f752e560a1e0737e31163a466ad7b70a850c19'
[    2.645559] blacklist: Loading compiled-in revocation X.509 certificates
[    2.651875] Loaded X.509 cert 'Canonical Ltd. Secure Boot Signing: 61482aa2830d0ab2ad5af10b7250da9033ddcef0'
[    2.663602] Loaded X.509 cert 'Canonical Ltd. Secure Boot Signing (2017): 242ade75ac4a15e50d50c84b0d45ff3eae707a03'
[    2.674961] Loaded X.509 cert 'Canonical Ltd. Secure Boot Signing (ESM 2018): 365188c1d374d6b07c3c8f240f8ef722433d6a8b'
[    2.689101] Loaded X.509 cert 'Canonical Ltd. Secure Boot Signing (2019): c0746fd6c5da3ae827864651ad66ae47fe24b3e8'
[    2.703041] Loaded X.509 cert 'Canonical Ltd. Secure Boot Signing (2021 v1): a8d54bbb3825cfb94fa13c9f8a594a195c107b8d'
[    2.716340] Loaded X.509 cert 'Canonical Ltd. Secure Boot Signing (2021 v2): 4cf046892d6fd3c9a5b03f98d845f90851dc6a8c'
[    2.728784] Loaded X.509 cert 'Canonical Ltd. Secure Boot Signing (2021 v3): 100437bb6de6e469b581e61cd66bce3ef4ed53af'
[    2.741718] Loaded X.509 cert 'Canonical Ltd. Secure Boot Signing (Ubuntu Core 2019): c1d57b8f6b743f23ee41f4f7ee292f06eecadfb9'
[    2.754738] zswap: loaded using pool lzo/zbud
[    2.773861] Key type big_key registered
[    2.780276] Key type trusted registered
[    2.791217] Key type encrypted registered
[    2.797514] AppArmor: AppArmor sha1 policy hashing enabled
[    2.803281] ima: No TPM chip found, activating TPM-bypass! (rc=-19)
[    2.813004] ima: Allocated hash algorithm: sha1
[    2.817432] evm: HMAC attrs: 0x1
[    2.824106]   Magic number: 8:764:471
[    2.830553] rtc_cmos rtc_cmos: setting system clock to 2024-05-28 07:29:38 UTC (1716881378)
[    2.840913] BIOS EDD facility v0.16 2004-Jun-25, 0 devices found
[    2.850273] EDD information not available.
[    2.862224] Freeing unused kernel image memory: 2480K
[    2.889467] Write protecting the kernel read-only data: 20480k
[    2.899266] Freeing unused kernel image memory: 2008K
[    2.905911] Freeing unused kernel image memory: 1820K
[    2.921955] x86/mm: Checked W+X mappings: passed, no W+X pages found.
Loading, please wait...
starting version 237
[    3.048763] Fusion MPT base driver 3.04.20
[    3.054151] Copyright (c) 1999-2008 LSI Corporation
[    3.058111] e1000: Intel(R) PRO/1000 Network Driver - version 7.3.21-k8-NAPI
[    3.068646] e1000: Copyright (c) 1999-2006 Intel Corporation.
[    3.103134] SSE version of gcm_enc/dec engaged.
[    3.130658] Fusion MPT SPI Host driver 3.04.20
[    3.325885] input: ImExPS/2 Generic Explorer Mouse as /devices/platform/i8042/serio1/input/input4
[    4.155960] e1000 0000:00:03.0 eth0: (PCI:33MHz:32-bit) 02:3b:7b:b7:3b:2d
[    4.169971] e1000 0000:00:03.0 eth0: Intel(R) PRO/1000 Network Connection
[    5.245044] e1000 0000:00:08.0 eth1: (PCI:33MHz:32-bit) 08:00:27:e2:d0:de
[    5.258799] e1000 0000:00:08.0 eth1: Intel(R) PRO/1000 Network Connection
[    5.281481] e1000 0000:00:08.0 enp0s8: renamed from eth1
[    5.295067] mptbase: ioc0: Initiating bringup
[    5.317934] e1000 0000:00:03.0 enp0s3: renamed from eth0
[ 2789.148915] INFO: rcu_sched self-detected stall on CPU
[ 2789.176164] 	0-...!: (1 ticks this GP) idle=c7a/1/0 softirq=920/920 fqs=0 
[ 2789.196920] 	 (t=146198 jiffies g=-176 c=-177 q=83)
[ 2789.208168] rcu_sched kthread starved for 146198 jiffies! g18446744073709551440 c18446744073709551439 f0x0 RCU_GP_WAIT_FQS(3) ->state=0x402 ->cpu=0
[ 2789.233547] rcu_sched       I    0     8      2 0x80000000
[ 2789.245837] Call Trace:
[ 2789.251570]  __schedule+0x24e/0x890
[ 2789.258768]  schedule+0x2c/0x80
[ 2789.269579]  schedule_timeout+0x15d/0x370
[ 2789.278481]  ? __next_timer_interrupt+0xe0/0xe0
[ 2789.285691]  rcu_gp_kthread+0x53a/0x980
[ 2789.291741]  kthread+0x121/0x140
[ 2789.296644]  ? rcu_note_context_switch+0x150/0x150
[ 2789.304998]  ? kthread_create_worker_on_cpu+0x70/0x70
[ 2789.312273]  ret_from_fork+0x1f/0x40
[ 2789.317551] NMI backtrace for cpu 0
[ 2789.322796] CPU: 0 PID: 0 Comm: swapper/0 Not tainted 4.15.0-212-generic #223-Ubuntu
[ 2789.337694] Hardware name: innotek GmbH VirtualBox/VirtualBox, BIOS VirtualBox 12/01/2006
[ 2789.349211] Call Trace:
[ 2789.353427]  <IRQ>
[ 2789.356899]  dump_stack+0x6d/0x8b
[ 2789.363097]  nmi_cpu_backtrace+0x94/0xa0
[ 2789.371353]  ? lapic_can_unplug_cpu+0xb0/0xb0
[ 2789.379108]  nmi_trigger_cpumask_backtrace+0xe7/0x130
[ 2789.387762]  arch_trigger_cpumask_backtrace+0x19/0x20
[ 2789.396139]  rcu_dump_cpu_stacks+0xa3/0xd5
[ 2789.403270]  rcu_check_callbacks+0x6cd/0x8e0
[ 2789.412751]  ? tick_sched_do_timer+0x50/0x50
[ 2789.420278]  update_process_times+0x2f/0x60
[ 2789.427267]  tick_sched_handle+0x26/0x70
[ 2789.434004]  ? tick_sched_do_timer+0x42/0x50
[ 2789.441537]  tick_sched_timer+0x39/0x80
[ 2789.447756]  __hrtimer_run_queues+0xdf/0x230
[ 2789.457739]  hrtimer_interrupt+0x97/0x180
[ 2789.464711]  smp_apic_timer_interrupt+0x6f/0x140
[ 2789.483128]  apic_timer_interrupt+0x90/0xa0
[ 2789.491533]  </IRQ>
[ 2789.495452] RIP: 0010:native_safe_halt+0x12/0x20
[ 2789.503588] RSP: 0018:ffffffffb1803e28 EFLAGS: 00010246 ORIG_RAX: ffffffffffffff11
[ 2789.517242] RAX: ffffffffb0dcfa40 RBX: 0000000000000000 RCX: 0000000000000000
[ 2789.529467] RDX: 0000000000000000 RSI: 0000000000000000 RDI: 0000000000000000
[ 2789.541592] RBP: ffffffffb1803e28 R08: 0000000000000002 R09: 0000000000000001
[ 2789.554091] R10: 0000000000000002 R11: 0000000000000000 R12: 0000000000000000
[ 2789.566116] R13: 0000000000000000 R14: 0000000000000000 R15: 0000000000000000
[ 2789.577658]  ? __sched_text_end+0x1/0x1
[ 2789.584036]  default_idle+0x20/0x100
[ 2789.590329]  arch_cpu_idle+0x15/0x20
[ 2789.596514]  default_idle_call+0x23/0x30
[ 2789.603757]  do_idle+0x172/0x1f0
[ 2789.609695]  cpu_startup_entry+0x73/0x80
[ 2789.616732]  rest_init+0xae/0xb0
[ 2789.622223]  start_kernel+0x4c9/0x4ed
[ 2789.628329]  x86_64_start_reservations+0x24/0x26
[ 2789.636620]  x86_64_start_kernel+0x8e/0x91
[ 2789.643981]  secondary_startup_64+0xa5/0xb0
[ 2789.651727] Sending NMI from CPU 0 to CPUs 1:
[ 2789.660093] INFO: rcu_sched self-detected stall on CPU
[ 2799.707935] 	1-...!: (1 ticks this GP) idle=90e/140000000000001/0 softirq=804/804 fqs=0 
[ 2799.716134] 	 (t=146198 jiffies g=-176 c=-177 q=83)
[ 2799.716288] INFO: rcu_sched self-detected stall on CPU
[ 2799.721399] rcu_sched kthread starved for 698596 jiffies! g18446744073709551440 c18446744073709551439 f0x0 RCU_GP_WAIT_FQS(3) ->state=0x0 ->cpu=0
[ 2799.726594] 	0-...!: (2 ticks this GP) idle=c7a/1/0 softirq=920/920 fqs=0 
[ 2799.738856] rcu_sched       R  running task        0     8      2 0x80000000
[ 2799.745467] 	 (t=698596 jiffies g=-176 c=-177 q=83)
[ 2799.752600] Call Trace:
[ 2799.757583] rcu_sched kthread starved for 698596 jiffies! g18446744073709551440 c18446744073709551439 f0x0 RCU_GP_WAIT_FQS(3) ->state=0x0 ->cpu=0
[ 2799.760461]  __schedule+0x24e/0x890
[ 2799.772086] rcu_sched       R  running task        0     8      2 0x80000000
[ 2799.776222]  schedule+0x2c/0x80
[ 2799.782617] Call Trace:
[ 2799.786169]  schedule_timeout+0x15d/0x370
[ 2799.789107]  __schedule+0x24e/0x890
[ 2799.793516]  ? __next_timer_interrupt+0xe0/0xe0
[ 2799.796782]  schedule+0x2c/0x80
[ 2799.801646]  rcu_gp_kthread+0x53a/0x980
[ 2799.804542]  schedule_timeout+0x15d/0x370
[ 2799.809083]  kthread+0x121/0x140
[ 2799.813696]  ? __next_timer_interrupt+0xe0/0xe0
[ 2799.817401]  ? rcu_note_context_switch+0x150/0x150
[ 2799.821361]  rcu_gp_kthread+0x53a/0x980
[ 2799.826009]  ? kthread_create_worker_on_cpu+0x70/0x70
[ 2799.829751]  kthread+0x121/0x140
[ 2799.835721]  ret_from_fork+0x1f/0x40
[ 2799.839032]  ? rcu_note_context_switch+0x150/0x150
[ 2799.843045] Sending NMI from CPU 1 to CPUs 0:
[ 2799.847622]  ? kthread_create_worker_on_cpu+0x70/0x70
[ 2799.853434] NMI backtrace for cpu 0
[ 2799.853435] CPU: 0 PID: 0 Comm: swapper/0 Not tainted 4.15.0-212-generic #223-Ubuntu
[ 2799.853435] Hardware name: innotek GmbH VirtualBox/VirtualBox, BIOS VirtualBox 12/01/2006
[ 2799.853435] RIP: 0010:io_serial_out+0x1a/0x20
[ 2799.853436] RSP: 0018:ffff8bb2ffc03b00 EFLAGS: 00010002
[ 2799.853436] RAX: 000000000000005b RBX: ffffffffb1f16e60 RCX: 0000000000000000
[ 2799.853437] RDX: 00000000000003f8 RSI: 0000000000000000 RDI: ffffffffb1f16e60
[ 2799.853437] RBP: ffff8bb2ffc03b00 R08: 0000000000000000 R09: 0000000000000007
[ 2799.853437] R10: 0000000000000000 R11: ffffffffb1d6a80d R12: 000000000000005b
[ 2799.853438] R13: ffffffffb1d6a839 R14: ffffffffb1d6a801 R15: ffffffffb1f16e60
[ 2799.853438] FS:  0000000000000000(0000) GS:ffff8bb2ffc00000(0000) knlGS:0000000000000000
[ 2799.853439] CS:  0010 DS: 0000 ES: 0000 CR0: 0000000080050033
[ 2799.853439] CR2: 0000557866f5b8b8 CR3: 000000001660a002 CR4: 00000000000206f0
[ 2799.853439] Call Trace:
[ 2799.853439]  <IRQ>
[ 2799.853440]  serial8250_console_putchar+0x2d/0x40
[ 2799.853440]  ? wait_for_xmitr+0xb0/0xb0
[ 2799.853440]  uart_console_write+0x4c/0x60
[ 2799.853440]  serial8250_console_write+0x10a/0x2a0
[ 2799.853441]  ? msg_print_text+0x80/0x100
[ 2799.853441]  univ8250_console_write+0x21/0x30
[ 2799.853441]  console_unlock+0x3cf/0x560
[ 2799.853442]  vprintk_emit+0x134/0x2c0
[ 2799.853442]  ? kthread_create_worker_on_cpu+0x70/0x70
[ 2799.853442]  vprintk_default+0x29/0x50
[ 2799.853442]  vprintk_func+0x47/0xc0
[ 2799.853443]  printk+0x52/0x6e
[ 2799.853443]  ? kernel_text_address+0xe8/0xf0
[ 2799.853443]  ? kthread_create_worker_on_cpu+0x70/0x70
[ 2799.853443]  ? kthread_create_worker_on_cpu+0x70/0x70
[ 2799.853444]  show_trace_log_lvl+0x179/0x3d0
[ 2799.853444]  ? kthread_create_worker_on_cpu+0x70/0x70
[ 2799.853444]  ? ret_from_fork+0x1f/0x40
[ 2799.853445]  show_stack+0x34/0x50
[ 2799.853445]  sched_show_task+0xfe/0x130
[ 2799.853445]  rcu_check_gp_kthread_starvation+0xad/0xc0
[ 2799.853445]  rcu_check_callbacks+0x6c5/0x8e0
[ 2799.853446]  ? tick_sched_do_timer+0x50/0x50
[ 2799.853446]  update_process_times+0x2f/0x60
[ 2799.853446]  tick_sched_handle+0x26/0x70
[ 2799.853446]  ? tick_sched_do_timer+0x42/0x50
[ 2799.853447]  tick_sched_timer+0x39/0x80
[ 2799.853447]  __hrtimer_run_queues+0xdf/0x230
[ 2799.853447]  hrtimer_interrupt+0x97/0x180
[ 2799.853448]  smp_apic_timer_interrupt+0x6f/0x140
[ 2799.853448]  apic_timer_interrupt+0x90/0xa0
[ 2799.853448]  </IRQ>
[ 2799.853448] RIP: 0010:native_safe_halt+0x12/0x20
[ 2799.853449] RSP: 0018:ffffffffb1803e28 EFLAGS: 00010246 ORIG_RAX: ffffffffffffff11
[ 2799.853450] RAX: ffffffffb0dcfa40 RBX: 0000000000000000 RCX: 0000000000000000
[ 2799.853450] RDX: 0000000000000000 RSI: 0000000000000000 RDI: 0000000000000000
[ 2799.853450] RBP: ffffffffb1803e28 R08: 0000000000000002 R09: 0000000000000001
[ 2799.853451] R10: 0000000000000002 R11: 0000000000000000 R12: 0000000000000000
[ 2799.853451] R13: 0000000000000000 R14: 0000000000000000 R15: 0000000000000000
[ 2799.853451]  ? __sched_text_end+0x1/0x1
[ 2799.853451]  default_idle+0x20/0x100
[ 2799.853452]  arch_cpu_idle+0x15/0x20
[ 2799.853452]  default_idle_call+0x23/0x30
[ 2799.853452]  do_idle+0x172/0x1f0
[ 2799.853452]  cpu_startup_entry+0x73/0x80
[ 2799.853453]  rest_init+0xae/0xb0
[ 2799.853453]  start_kernel+0x4c9/0x4ed
[ 2799.853453]  x86_64_start_reservations+0x24/0x26
[ 2799.853454]  x86_64_start_kernel+0x8e/0x91
[ 2799.853454]  secondary_startup_64+0xa5/0xb0
[ 2799.853454] Code: 55 48 89 e5 d3 e6 01 f2 ec 0f b6 c0 5d c3 0f 1f 00 0f 1f 44 00 00 0f b6 8f a1 00 00 00 89 d0 8b 57 08 55 48 89 e5 d3 e6 01 f2 ee <5d> c3 0f 1f 40 00 0f 1f 44 00 00 0f b6 87 a2 00 00 00 55 48 c7 
[ 2799.853464] NMI backtrace for cpu 1
[ 2799.857797]  ret_from_fork+0x1f/0x40
[ 2800.193875] CPU: 1 PID: 149 Comm: systemd-udevd Not tainted 4.15.0-212-generic #223-Ubuntu
[ 2800.200522] Hardware name: innotek GmbH VirtualBox/VirtualBox, BIOS VirtualBox 12/01/2006
[ 2800.207789] Call Trace:
[ 2800.210274]  <IRQ>
[ 2800.212113]  dump_stack+0x6d/0x8b
[ 2800.214928]  nmi_cpu_backtrace+0x94/0xa0
[ 2800.218203]  ? lapic_can_unplug_cpu+0xb0/0xb0
[ 2800.221832]  nmi_trigger_cpumask_backtrace+0xe7/0x130
[ 2800.225946]  arch_trigger_cpumask_backtrace+0x19/0x20
[ 2800.230687]  rcu_dump_cpu_stacks+0xa3/0xd5
[ 2800.234464]  rcu_check_callbacks+0x6cd/0x8e0
[ 2800.238008]  ? tick_sched_do_timer+0x50/0x50
[ 2800.241563]  update_process_times+0x2f/0x60
[ 2800.245040]  tick_sched_handle+0x26/0x70
[ 2800.248324]  ? tick_sched_do_timer+0x50/0x50
[ 2800.252596]  tick_sched_timer+0x39/0x80
[ 2800.255857]  __hrtimer_run_queues+0xdf/0x230
[ 2800.259365]  hrtimer_interrupt+0x97/0x180
[ 2800.263059]  smp_apic_timer_interrupt+0x6f/0x140
[ 2800.266827]  apic_timer_interrupt+0x90/0xa0
[ 2800.270431]  </IRQ>
[ 2800.272281] RIP: 0010:kernfs_seq_start+0x42/0x90
[ 2800.276001] RSP: 0018:ffffb0e70040bdc8 EFLAGS: 00010286 ORIG_RAX: ffffffffffffff11
[ 2800.282001] RAX: 0000000000000000 RBX: ffff8bb2f6a9d780 RCX: ffff8bb2f65833bc
[ 2800.287978] RDX: 0000000000000000 RSI: 0000000000000001 RDI: ffff8bb2f65833b8
[ 2800.293990] RBP: ffffb0e70040bde8 R08: ffffffffb125b840 R09: 0000000000000000
[ 2800.300029] R10: 0000000000000000 R11: 0000000000000000 R12: ffffffffffffffed
[ 2800.305696] R13: ffff8bb2fe3a0a00 R14: ffffb0e70040be18 R15: ffff8bb2fe3a0a00
[ 2800.311934]  ? kernfs_seq_start+0x32/0x90
[ 2800.315203]  seq_read+0xb6/0x450
[ 2800.317889]  kernfs_fop_read+0x137/0x180
[ 2800.321110]  ? security_file_permission+0xa1/0xc0
[ 2800.324915]  __vfs_read+0x1b/0x40
[ 2800.327918]  vfs_read+0x8e/0x130
[ 2800.330606]  SyS_read+0x5c/0xe0
[ 2800.333444]  do_syscall_64+0x73/0x130
[ 2800.336452]  entry_SYSCALL_64_after_hwframe+0x59/0xbe
[ 2800.340479] RIP: 0033:0x7f98ef6d5031
[ 2800.343460] RSP: 002b:00007fff28254258 EFLAGS: 00000246 ORIG_RAX: 0000000000000000
[ 2800.349848] RAX: ffffffffffffffda RBX: 0000557866f2d260 RCX: 00007f98ef6d5031
[ 2800.355974] RDX: 0000000000001000 RSI: 0000557866f59d60 RDI: 000000000000000d
[ 2800.361981] RBP: 00007f98ef9ad2a0 R08: 00007f98ef9b0ea0 R09: 0000000000000000
[ 2800.367794] R10: 0000557866f2d010 R11: 0000000000000246 R12: 0000557866f59d60
[ 2800.374072] R13: 0000000000001001 R14: 0000000000000d68 R15: 0000000000001001
[ 2800.379915] NMI backtrace for cpu 0
[ 2800.383092] CPU: 0 PID: 0 Comm: swapper/0 Not tainted 4.15.0-212-generic #223-Ubuntu
[ 2800.389175] Hardware name: innotek GmbH VirtualBox/VirtualBox, BIOS VirtualBox 12/01/2006
[ 2800.396180] Call Trace:
[ 2800.398325]  <IRQ>
[ 2800.400499]  dump_stack+0x6d/0x8b
[ 2800.403238]  nmi_cpu_backtrace+0x94/0xa0
[ 2800.406439]  ? lapic_can_unplug_cpu+0xb0/0xb0
[ 2800.409918]  nmi_trigger_cpumask_backtrace+0xe7/0x130
[ 2800.413912]  arch_trigger_cpumask_backtrace+0x19/0x20
[ 2800.418342]  rcu_dump_cpu_stacks+0xa3/0xd5
[ 2800.421710]  rcu_check_callbacks+0x6cd/0x8e0
[ 2800.425529]  ? tick_sched_do_timer+0x50/0x50
[ 2800.428932]  update_process_times+0x2f/0x60
[ 2800.432299]  tick_sched_handle+0x26/0x70
[ 2800.435444]  ? tick_sched_do_timer+0x42/0x50
[ 2800.438885]  tick_sched_timer+0x39/0x80
[ 2800.441971]  __hrtimer_run_queues+0xdf/0x230
[ 2800.445420]  hrtimer_interrupt+0x97/0x180
[ 2800.448655]  smp_apic_timer_interrupt+0x6f/0x140
[ 2800.452316]  apic_timer_interrupt+0x90/0xa0
[ 2800.455717]  </IRQ>
[ 2800.457780] RIP: 0010:native_safe_halt+0x12/0x20
[ 2800.461841] RSP: 0018:ffffffffb1803e28 EFLAGS: 00010246 ORIG_RAX: ffffffffffffff11
[ 2800.468169] RAX: ffffffffb0dcfa40 RBX: 0000000000000000 RCX: 0000000000000000
[ 2800.473913] RDX: 0000000000000000 RSI: 0000000000000000 RDI: 0000000000000000
[ 2800.479796] RBP: ffffffffb1803e28 R08: 0000000000000002 R09: 0000000000000001
[ 2800.485448] R10: 0000000000000002 R11: 0000000000000000 R12: 0000000000000000
[ 2800.491182] R13: 0000000000000000 R14: 0000000000000000 R15: 0000000000000000
[ 2800.497083]  ? __sched_text_end+0x1/0x1
[ 2800.500620]  default_idle+0x20/0x100
[ 2800.503560]  arch_cpu_idle+0x15/0x20
[ 2800.506487]  default_idle_call+0x23/0x30
[ 2800.509688]  do_idle+0x172/0x1f0
[ 2800.512395]  cpu_startup_entry+0x73/0x80
[ 2800.516047]  rest_init+0xae/0xb0
[ 2800.519613]  start_kernel+0x4c9/0x4ed
[ 2800.523221]  x86_64_start_reservations+0x24/0x26
[ 2800.527290]  x86_64_start_kernel+0x8e/0x91
[ 2800.531143]  secondary_startup_64+0xa5/0xb0
[ 2800.534969] Sending NMI from CPU 0 to CPUs 1:
[ 2800.540152] NMI backtrace for cpu 1
[ 2800.540153] CPU: 1 PID: 149 Comm: systemd-udevd Not tainted 4.15.0-212-generic #223-Ubuntu
[ 2800.540153] Hardware name: innotek GmbH VirtualBox/VirtualBox, BIOS VirtualBox 12/01/2006
[ 2800.540154] RIP: 0010:__pv_queued_spin_lock_slowpath+0xee/0x290
[ 2800.540154] RSP: 0018:ffff8bb2ffd03e90 EFLAGS: 00010006
[ 2800.540155] RAX: 0000000000000003 RBX: ffffffffb18aa800 RCX: 0000000000000008
[ 2800.540155] RDX: 0000000000001edf RSI: 0000000000000003 RDI: 0000000000000046
[ 2800.540155] RBP: ffff8bb2ffd03ec8 R08: 0000000000000008 R09: 0000000000000038
[ 2800.540156] R10: 000000000007a120 R11: 0000000000000001 R12: ffff8bb2ffd27580
[ 2800.540156] R13: 0000000000000001 R14: 0000000000000100 R15: 0000000000000000
[ 2800.540156] FS:  00007f98efbd9680(0000) GS:ffff8bb2ffd00000(0000) knlGS:0000000000000000
[ 2800.540157] CS:  0010 DS: 0000 ES: 0000 CR0: 0000000080050033
[ 2800.540157] CR2: 0000557866f5cd88 CR3: 000000003699e004 CR4: 00000000000206e0
[ 2800.540157] Call Trace:
[ 2800.540157]  <IRQ>
[ 2800.540158]  _raw_spin_lock_irqsave+0x37/0x40
[ 2800.540158]  rcu_process_callbacks+0x38a/0x4c0
[ 2800.540158]  ? run_rebalance_domains+0x139/0x1f0
[ 2800.540158]  __do_softirq+0xe4/0x2d4
[ 2800.540159]  irq_exit+0xc5/0xd0
[ 2800.540159]  smp_apic_timer_interrupt+0x79/0x140
[ 2800.540159]  apic_timer_interrupt+0x90/0xa0
[ 2800.540159]  </IRQ>
[ 2800.540160] RIP: 0010:kernfs_seq_start+0x42/0x90
[ 2800.540160] RSP: 0018:ffffb0e70040bdc8 EFLAGS: 00010286 ORIG_RAX: ffffffffffffff11
[ 2800.540161] RAX: 0000000000000000 RBX: ffff8bb2f6a9d780 RCX: ffff8bb2f65833bc
[ 2800.540161] RDX: 0000000000000000 RSI: 0000000000000001 RDI: ffff8bb2f65833b8
[ 2800.540161] RBP: ffffb0e70040bde8 R08: ffffffffb125b840 R09: 0000000000000000
[ 2800.540162] R10: 0000000000000000 R11: 0000000000000000 R12: ffffffffffffffed
[ 2800.540162] R13: ffff8bb2fe3a0a00 R14: ffffb0e70040be18 R15: ffff8bb2fe3a0a00
[ 2800.540162]  ? kernfs_seq_start+0x32/0x90
[ 2800.540162]  seq_read+0xb6/0x450
[ 2800.540163]  kernfs_fop_read+0x137/0x180
[ 2800.540163]  ? security_file_permission+0xa1/0xc0
[ 2800.540163]  __vfs_read+0x1b/0x40
[ 2800.540164]  vfs_read+0x8e/0x130
[ 2800.540164]  SyS_read+0x5c/0xe0
[ 2800.540164]  do_syscall_64+0x73/0x130
[ 2800.540164]  entry_SYSCALL_64_after_hwframe+0x59/0xbe
[ 2800.540164] RIP: 0033:0x7f98ef6d5031
[ 2800.540165] RSP: 002b:00007fff28254258 EFLAGS: 00000246 ORIG_RAX: 0000000000000000
[ 2800.540165] RAX: ffffffffffffffda RBX: 0000557866f2d260 RCX: 00007f98ef6d5031
[ 2800.540166] RDX: 0000000000001000 RSI: 0000557866f59d60 RDI: 000000000000000d
[ 2800.540166] RBP: 00007f98ef9ad2a0 R08: 00007f98ef9b0ea0 R09: 0000000000000000
[ 2800.540166] R10: 0000557866f2d010 R11: 0000000000000246 R12: 0000557866f59d60
[ 2800.540167] R13: 0000000000001001 R14: 0000000000000d68 R15: 0000000000001001
[ 2800.540167] Code: 41 bd 01 00 00 00 41 be 00 01 00 00 3c 02 0f 94 c0 0f b6 c0 48 89 45 c8 41 c6 44 24 44 00 ba 00 80 00 00 c6 43 01 01 eb 0b f3 90 <83> ea 01 0f 84 08 01 00 00 0f b6 03 84 c0 75 ee 44 89 f0 f0 66 
[ 2800.858262] ioc0: LSI53C1030 A0: Capabilities={Initiator}
[ 2801.117578] scsi host2: ioc0: LSI53C1030 A0, FwRev=00000000h, Ports=1, MaxQ=256, IRQ=20
[ 2801.293396] scsi 2:0:0:0: Direct-Access     VBOX     HARDDISK         1.0  PQ: 0 ANSI: 5
[ 2801.336106] scsi target2:0:0: Beginning Domain Validation
[ 2801.348073] scsi target2:0:0: Domain Validation skipping write tests
[ 2801.353611] scsi target2:0:0: Ending Domain Validation
[ 2801.358147] scsi target2:0:0: asynchronous
[ 2801.364336] scsi 2:0:1:0: Direct-Access     VBOX     HARDDISK         1.0  PQ: 0 ANSI: 5
[ 2801.400264] scsi target2:0:1: Beginning Domain Validation
[ 2801.413002] scsi target2:0:1: Domain Validation skipping write tests
[ 2801.417991] scsi target2:0:1: Ending Domain Validation
[ 2801.422637] scsi target2:0:1: asynchronous
[ 2801.439698] sd 2:0:0:0: Attached scsi generic sg0 type 0
[ 2801.445588] sd 2:0:1:0: Attached scsi generic sg1 type 0
[ 2801.450996] sd 2:0:0:0: [sda] 83886080 512-byte logical blocks: (42.9 GB/40.0 GiB)
[ 2801.458288] sd 2:0:1:0: [sdb] 20480 512-byte logical blocks: (10.5 MB/10.0 MiB)
[ 2801.465021] sd 2:0:0:0: [sda] Write Protect is off
[ 2801.469733] sd 2:0:1:0: [sdb] Write Protect is off
[ 2801.474290] sd 2:0:0:0: [sda] Incomplete mode parameter data
[ 2801.479257] sd 2:0:0:0: [sda] Assuming drive cache: write through
[ 2801.485323] sd 2:0:1:0: [sdb] Incomplete mode parameter data
[ 2801.490367] sd 2:0:1:0: [sdb] Assuming drive cache: write through
[ 2801.504805]  sda: sda1
[ 2801.511099] sd 2:0:0:0: [sda] Attached SCSI disk
[ 2801.516205] sd 2:0:1:0: [sdb] Attached SCSI disk
Begin: Loading essential drivers ... [ 2803.740157] raid6: sse2x1   gen() 10933 MB/s
[ 2803.792186] raid6: sse2x1   xor()  6409 MB/s
[ 2803.844193] raid6: sse2x2   gen() 11565 MB/s
[ 2803.896276] raid6: sse2x2   xor()  5599 MB/s
[ 2803.952375] raid6: sse2x4   gen()  8395 MB/s
[ 2804.004347] raid6: sse2x4   xor()  5213 MB/s
[ 2804.010522] raid6: using algorithm sse2x2 gen() 11565 MB/s
[ 2804.018298] raid6: .... xor() 5599 MB/s, rmw enabled
[ 2804.024479] raid6: using ssse3x2 recovery algorithm
[ 2804.034671] xor: measuring software checksum speed
[ 2804.142596]    prefetch64-sse: 40429.000 MB/sec
[ 2804.246610]    generic_sse: 39884.000 MB/sec
[ 2804.252790] xor: using function: prefetch64-sse (40429.000 MB/sec)
[ 2804.262385] async_tx: api initialized (async)
done.
Begin: Running /scripts/init-premount ... done.
Begin: Mounting root file system ... Begin: Running /scripts/local-top ... done.
Begin: Running /scripts/local-premount ... [ 2804.356701] Btrfs loaded, crc32c=crc32c-intel
Scanning for Btrfs filesystems
done.
Warning: fsck not present, so skipping root file system
[ 2804.443843] EXT4-fs (sda1): mounted filesystem with ordered data mode. Opts: (null)
done.
Begin: Running /scripts/local-bottom ... done.
Begin: Running /scripts/init-bottom ... done.
[ 2804.738779] ip_tables: (C) 2000-2006 Netfilter Core Team
[ 2804.764520] systemd[1]: systemd 237 running in system mode. (+PAM +AUDIT +SELINUX +IMA +APPARMOR +SMACK +SYSVINIT +UTMP +LIBCRYPTSETUP +GCRYPT +GNUTLS +ACL +XZ +LZ4 +SECCOMP +BLKID +ELFUTILS +KMOD -IDN2 +IDN -PCRE2 default-hierarchy=hybrid)
[ 2804.782505] systemd[1]: Detected virtualization oracle.
[ 2804.787638] systemd[1]: Detected architecture x86-64.

Welcome to [1mUbuntu 18.04.6 LTS[0m!

[ 2804.823737] systemd[1]: Set hostname to <ubuntu>.
[ 2804.835460] systemd[1]: Initializing machine ID from random generator.
[ 2804.842989] systemd[1]: Installed transient /etc/machine-id file.
[ 2805.352367] systemd[1]: Reached target System Time Synchronized.
[[0;32m  OK  [0m] Reached target System Time Synchronized.
[ 2805.362414] systemd[1]: Started Forward Password Requests to Wall Directory Watch.
[[0;32m  OK  [0m] Started Forward Password Requests to Wall Directory Watch.
[ 2805.374593] systemd[1]: Set up automount Arbitrary Executable File Formats File System Automount Point.
[[0;32m  OK  [0m] Set up automount Arbitrary Executab…rmats File System Automount Point.
[ 2805.402712] systemd[1]: Created slice User and Session Slice.
[[0;32m  OK  [0m] Created slice User and Session Slice.
[[0;32m  OK  [0m] Reached target Swap.
[[0;32m  OK  [0m] Created slice System Slice.
[[0;32m  OK  [0m] Listening on Journal Socket.
         Starting Create list of required st…ce nodes for the current kernel...
[[0;32m  OK  [0m] Listening on Journal Audit Socket.
         Starting Uncomplicated firewall...
         Mounting Kernel Debug File System...
         Mounting Huge Pages File System...
[[0;32m  OK  [0m] Listening on LVM2 poll daemon socket.
         Mounting POSIX Message Queue File System...
[[0;32m  OK  [0m] Listening on udev Kernel Socket.
[[0;32m  OK  [0m] Listening on Device-mapper event daemon FIFOs.
[[0;32m  OK  [0m] Listening on fsck to fsckd communication Socket.
         Starting File System Check on Root Device...
[[0;32m  OK  [0m] Listening on Journal Socket (/dev/log).
[[0;32m  OK  [0m] Listening on udev Control Socket.
         Starting udev Coldplug all Devices...
         Starting Load Kernel Modules...
[[0;32m  OK  [0m] Listening on /dev/initctl Compatibility Named Pipe.
         Starting Set the console keyboard layout...
[ 2805.525605] Loading iSCSI transport class v2.0-870.
[[0;32m  OK  [0m] Listening on Syslog Socket.
[[0;32m  OK  [0m] Listening on LVM2 metadata daemon socket.
         Starting Monitoring of LVM2 mirrors…ng dmeventd or progress polling...
[[0;32m  OK  [0m] Created slice system-serial\x2dgetty.slice.
         Starting Journal Service...
[[0;32m  OK  [0m] Reached target Mounting snaps.
[[0;32m  OK  [0m] Reached target Mounted snaps.
[[0;32m  OK  [0m] Listening on Network Service Netlink Socket.
[[0;32m  OK  [0m] Reached target User and Group Name Lookups.
[[0;32m  OK  [0m] Reached target Slices.
[[0;32m  OK  [0m] Started Create list of required sta…vice nodes for the current kernel.
[[0;32m  OK  [0m] Started Uncomplicated firewall.
[[0;32m  OK  [0m] Mounted Kernel Debug File System.
[[0;32m  OK  [0m] Mounted Huge Pages File System.
[[0;32m  OK  [0m] Mounted POSIX Message Queue File System.
[ 2805.644611] iscsi: registered transport (tcp)
[[0;32m  OK  [0m] Started File System Check on Root Device.
[[0;32m  OK  [0m] Started LVM2 metadata daemon.
[[0;32m  OK  [0m] Started File System Check Daemon to report status.
         Starting Remount Root and Kernel File Systems...
         Starting Create Static Device Nodes in /dev...
[[0;32m  OK  [0m] Started Journal Service.
[[0;32m  OK  [0m] Started udev Coldplug all Devices.
[[0;32m  OK  [0m] Started Create Static Device Nodes in /dev.
[ 2805.792801] iscsi: registered transport (iser)
[[0;32m  OK  [0m] Started Load Kernel Modules.
         Starting Apply Kernel Variables...
         Mounting FUSE Control File System...
         Mounting Kernel Configuration File System...
[[0;32m  OK  [0m] Mounted FUSE Control File System.
[[0;32m  OK  [0m] Mounted Kernel Configuration File System.
[ 2805.817300] EXT4-fs (sda1): re-mounted. Opts: (null)
[[0;32m  OK  [0m] Started Remount Root and Kernel File Systems.
         Starting Flush Journal to Persistent Storage...
         Starting Load/Save Random Seed...
         Starting udev Kernel Device Manager...
[[0;32m  OK  [0m] Started Monitoring of LVM2 mirrors,…sing dmeventd or progress polling.
[[0;32m  OK  [0m] Started Load/Save Random Seed.
[[0;32m  OK  [0m] Started Apply Kernel Variables.
[[0;32m  OK  [0m] Started udev Kernel Device Manager.
[[0;32m  OK  [0m] Started Flush Journal to Persistent Storage.
[[0;32m  OK  [0m] Found device /dev/ttyS0.
[[0;32m  OK  [0m] Listening on Load/Save RF Kill Switch Status /dev/rfkill Watch.
[[0;32m  OK  [0m] Started Set the console keyboard layout.
[[0;32m  OK  [0m] Reached target Local File Systems (Pre).
[[0;32m  OK  [0m] Reached target Local File Systems.
         Starting Create Volatile Files and Directories...
         Starting AppArmor initialization...
         Starting Tell Plymouth To Write Out Runtime Data...
         Starting Commit a transient machine-id on disk...
         Starting Set console font and keymap...
         Starting ebtables ruleset management...
[[0;32m  OK  [0m] Started Dispatch Password Requests to Console Directory Watch.
[[0;32m  OK  [0m] Reached target Local Encrypted Volumes.
[[0;32m  OK  [0m] Started Tell Plymouth To Write Out Runtime Data.
[[0;32m  OK  [0m] Started Create Volatile Files and Directories.
         Starting Update UTMP about System Boot/Shutdown...
[[0;32m  OK  [0m] Started Update UTMP about System Boot/Shutdown.
[[0;32m  OK  [0m] Started Commit a transient machine-id on disk.
         Mounting Arbitrary Executable File Formats File System...
[[0;32m  OK  [0m] Mounted Arbitrary Executable File Formats File System.
[[0;32m  OK  [0m] Started ebtables ruleset management.
[[0;32m  OK  [0m] Started AppArmor initialization.
         Starting Load AppArmor profiles managed internally by snapd...
         Starting Initial cloud-init job (pre-networking)...
[[0;32m  OK  [0m] Started Load AppArmor profiles managed internally by snapd.
[[0;32m  OK  [0m] Started Set console font and keymap.
[ 2810.055993] cloud-init[771]: Cloud-init v. 23.1.2-0ubuntu0~18.04.1 running 'init-local' at Tue, 28 May 2024 08:16:25 +0000. Up 2809.68 seconds.
[[0;32m  OK  [0m] Started Initial cloud-init job (pre-networking).
[[0;32m  OK  [0m] Reached target Network (Pre).
         Starting Network Service...
[[0;32m  OK  [0m] Started Network Service.
         Starting Wait for Network to be Configured...
         Starting Network Name Resolution...
[[0;32m  OK  [0m] Started Network Name Resolution.
[[0;32m  OK  [0m] Reached target Network.
[[0;32m  OK  [0m] Reached target Host and Network Name Lookups.
[[0;32m  OK  [0m] Started Wait for Network to be Configured.
         Starting Initial cloud-init job (metadata service crawler)...
[ 2812.038343] cloud-init[941]: Cloud-init v. 23.1.2-0ubuntu0~18.04.1 running 'init' at Tue, 28 May 2024 08:16:27 +0000. Up 2811.90 seconds.
[ 2812.042720] cloud-init[941]: ci-info: ++++++++++++++++++++++++++++++++++++++Net device info+++++++++++++++++++++++++++++++++++++++
[ 2812.046252] cloud-init[941]: ci-info: +--------+-------+----------------------------+---------------+--------+-------------------+
[ 2812.049773] cloud-init[941]: ci-info: | Device |   Up  |          Address           |      Mask     | Scope  |     Hw-Address    |
[ 2812.053107] cloud-init[941]: ci-info: +--------+-------+----------------------------+---------------+--------+-------------------+
[ 2812.056628] cloud-init[941]: ci-info: | enp0s3 |  True |         10.0.2.15          | 255.255.255.0 | global | 02:3b:7b:b7:3b:2d |
[ 2812.060279] cloud-init[941]: ci-info: | enp0s3 |  True | fe80::3b:7bff:feb7:3b2d/64 |       .       |  link  | 02:3b:7b:b7:3b:2d |
[ 2812.063696] cloud-init[941]: ci-info: | enp0s8 | False |             .              |       .       |   .    | 08:00:27:e2:d0:de |
[ 2812.067761] cloud-init[941]: ci-info: |   lo   |  True |         127.0.0.1          |   255.0.0.0   |  host  |         .         |
[ 2812.071315] cloud-init[941]: ci-info: |   lo   |  True |          ::1/128           |       .       |  host  |         .         |
[ 2812.074716] cloud-init[941]: ci-info: +--------+-------+----------------------------+---------------+--------+-------------------+
[ 2812.078988] cloud-init[941]: ci-info: ++++++++++++++++++++++++++++Route IPv4 info+++++++++++++++++++++++++++++
[ 2812.082020] cloud-init[941]: ci-info: +-------+-------------+----------+-----------------+-----------+-------+
[ 2812.085603] cloud-init[941]: ci-info: | Route | Destination | Gateway  |     Genmask     | Interface | Flags |
[ 2812.088986] cloud-init[941]: ci-info: +-------+-------------+----------+-----------------+-----------+-------+
[ 2812.091863] cloud-init[941]: ci-info: |   0   |   0.0.0.0   | 10.0.2.2 |     0.0.0.0     |   enp0s3  |   UG  |
[ 2812.094949] cloud-init[941]: ci-info: |   1   |   10.0.2.0  | 0.0.0.0  |  255.255.255.0  |   enp0s3  |   U   |
[ 2812.097860] cloud-init[941]: ci-info: |   2   |   10.0.2.2  | 0.0.0.0  | 255.255.255.255 |   enp0s3  |   UH  |
[ 2812.100882] cloud-init[941]: ci-info: +-------+-------------+----------+-----------------+-----------+-------+
[ 2812.103705] cloud-init[941]: ci-info: +++++++++++++++++++Route IPv6 info+++++++++++++++++++
[ 2812.106289] cloud-init[941]: ci-info: +-------+-------------+---------+-----------+-------+
[ 2812.108714] cloud-init[941]: ci-info: | Route | Destination | Gateway | Interface | Flags |
[ 2812.111101] cloud-init[941]: ci-info: +-------+-------------+---------+-----------+-------+
[ 2812.113472] cloud-init[941]: ci-info: |   1   |  fe80::/64  |    ::   |   enp0s3  |   U   |
[ 2812.115849] cloud-init[941]: ci-info: |   3   |    local    |    ::   |   enp0s3  |   U   |
[ 2812.118294] cloud-init[941]: ci-info: |   4   |   ff00::/8  |    ::   |   enp0s3  |   U   |
[ 2812.120710] cloud-init[941]: ci-info: +-------+-------------+---------+-----------+-------+
[ 2812.967020] cloud-init[941]: Generating public/private rsa key pair.
[ 2812.971113] cloud-init[941]: Your identification has been saved in /etc/ssh/ssh_host_rsa_key.
[ 2812.975936] cloud-init[941]: Your public key has been saved in /etc/ssh/ssh_host_rsa_key.pub.
[ 2812.980633] cloud-init[941]: The key fingerprint is:
[ 2812.984607] cloud-init[941]: SHA256:QbuY9TGhYqFsQ3NnTKsDcY1ucbnA5a00RGye+MJ5lfw root@ubuntu-bionic
[ 2812.989662] cloud-init[941]: The key's randomart image is:
[ 2812.993558] cloud-init[941]: +---[RSA 2048]----+
[ 2812.997398] cloud-init[941]: |    +.+OO..      |
[ 2813.001214] cloud-init[941]: |   o *=BB= .     |
[ 2813.005039] cloud-init[941]: |    *.oBX++.     |
[ 2813.009225] cloud-init[[0;32m  OK  [0m] Started Initial cloud-init job (metadata service crawler).
[[0;32m  OK  [0m] Reached target Cloud-config availability.
[[0;32m  OK  [0m] Reached target Network is Online.
[941]: |   . ++B+*+o     |
         Starting Availability of block devices...
[[0;32m  OK  [0m] Reached target Remote File Systems (Pre).
[[0;32m  OK  [0m] Reached target Remote File Systems.
[[0;32m  OK  [0m] Reached target System Initialization.
[[0;32m  OK  [0m] Listening on UUID daemon activation socket.
[[0;32m  OK  [0m] Started Discard unused blocks once a week.
[ 2813.021622] cloud-init[941]: |     o=oS...     |
[ 2813.034703]          Starting LXD - unix socket.
cloud-init[[0;32m  OK  [0m] Started ACPI Events Check.
         Starting Socket activation for snappy daemon.
[[0;32m  OK  [0m] Started Daily apt download activities.
[[0;32m  OK  [0m] Started Daily Cleanup of Temporary Directories.
[[0;32m  OK  [0m] Started Message of the Day.
[[0;32m  OK  [0m] Started Ubuntu Advantage Timer for running repeated jobs.
[[0;32m  OK  [0m] Listening on Open-iSCSI iscsid Socket.
[[0;32m  OK  [0m] Listening on ACPID Listen Socket.
[[0;32m  OK  [0m] Listening on D-Bus System Message Bus Socket.
[[0;32m  OK  [0m] Reached target Paths.
[[0;32m  OK  [0m] Started Daily apt upgrade and clean activities.
[[0;32m  OK  [0m] Reached target Timers.
[[0;32m  OK  [0m] Listening on cloud-init hotplug hook socket.
[[0;32m  OK  [0m] Started Availability of block devices.
[[0;32m  OK  [0m] Listening on LXD - unix socket.
         Starting Cleanup of Temporary Directories...
[[0;32m  OK  [0m] Listening on Socket activation for snappy daemon.
[[0;32m  OK  [0m] Reached target Sockets.
[[0;32m  OK  [0m] Reached target Basic System.
         Starting LXD - container startup/shutdown...
         Starting Virtualbox guest utils...
         Starting Accounts Service...
[[0;32m  OK  [0m] Started Deferred execution scheduler.
         Starting LSB: automatic crash report generation...
[[0;32m  OK  [0m] Reached target Login Prompts (Pre).
         Starting Pollinate to seed the pseudo random number generator...
         Starting Permit User Sessions...
         Starting System Logging Service...
[941]: |      +.o   E    |
[ 2813.082180] cloud-init[941]: |       o         |
[ 2813.087113] cloud-init[941]: |                 |
[ 2813.091869] cloud-init[941]: |                 |
[ 2813.096187] cloud-init[941]: +----[SHA256]-----+
[ 2813.101379] cloud-init[941]: Generating public/private dsa key pair.
[ 2813.106527] cloud-init[941]: Your identification has been saved in /etc/ssh/ssh_host_dsa_key.
[ 2813.111891] cloud-init[941]: Your public key has been saved in /etc/ssh/ssh_host_dsa_key.pub.
[ 2813.117492] cloud-init[941]: The key fingerprint is:
[ 2813.122313] cloud-init[941]: SHA256:Mpl6r023VWrOQMDpdlrlG2ZNLfzJ0S0GX1M1XJE+bVY root@ubuntu-bionic
[ 2813.128274] cloud-init[941]: The key's randomart image is:
[ 2813.133141] cloud-init[941]: +---[DSA 1024]----+         Starting Dispatcher daemon for systemd-networkd...
         Starting Login Service...

[ 2813.143373] [[0;32m  OK  [0m] Started D-Bus System Message Bus.
cloud-init[941]: |            . .+@|
[ 2813.154338] cloud-init[941]: |       . .   + =E|
[ 2813.166162] cloud-init[941]: |        +   . O.*|
[ 2813.174287] cloud-init[941]: |       + . o +.**|
[ 2813.179378] cloud-init[941]: |      = S + = o=o|
[ 2813.184305] cloud-init[941]: |     . + = o =   |
[ 2813.190683] cloud-init[941]: |    . . o o =    |
[ 2813.195296] cloud-init[941]: |     . + . B     |
[ 2813.200470] cloud-init[941]: |      ..o . o    |
[ 2813.205047] cloud-init[941]: +----[SHA256]-----+
[ 2813.206592] cloud-init[941]: Generating public/private ecdsa key pair.
[ 2813.208876] cloud-init[941]: Your identification has been saved in /etc/ssh/ssh_host_ecdsa_key.
[ 2813.211722] cloud-init[941]: Your public key has been saved in /etc/ssh/ssh_host_ecdsa_key.pub.
[ 2813.214543] cloud-init[941]: The key fingerprint is:
[ 2813.216442] cloud-init[941]: SHA256:govMTkSHYrXq9NZ6g5EDvaB7N5f9bJg0qjrnNMxlsVA root@ubuntu-bionic
[ 2813.221589] cloud-init[941]: The key's randomart image is:
[ 2813.228719] cloud-init[941]: +---[ECDSA 256]---+
[ 2813.235887] cloud-init[941]: |   .  E          |
[ 2813.243091] cloud-init[941]: |  ....           |
[ 2813.247626] cloud-init[941]: |..+.o .          |
[ 2813.251694] cloud-init[941]: |.=.o o o         |
[ 2813.257958] cloud-init[941]: |.o+ + = S        |
[ 2813.259604] cloud-init[941]: |++.O.+ .o        |
[ 2813.261295] cloud-init[941]: | o=oX. = +       |
[ 2813.262946] cloud-init[941]: |.o+o=++ +..      |
[ 2813.264784] cloud-init[941]: | .oB++.  oo      |
[ 2813.266401] cloud-init[941]: +----[SHA256]-----+
[ 2813.276522] cloud-init[941]: Generating public/private ed25519 key pair.
[ 2813.281602] cloud-init[941]: Your identification has been saved in /etc/ssh/ssh_host_ed25519_key.
[ 2813.289389] cloud-init[941]: Your public key has been saved in /etc/ssh/ssh_host_ed25519_key.pub.
[ 2813.296899] cloud-init[941]: The key fingerprint is:
[ 2813.302581] cloud-init[941]: SHA256:H+J4MQ2qe7HBUWFdSCtmHP9JBgdatXwbvnMe3IGJVzI root@ubuntu-bionic
[ 2813.310153] cloud-init[941]: The key's randomart image is:
[ 2813.316022] cloud-init[941]: +--[ED25519 256]--+
[ 2813.321066] cloud-init[941]: |        ++==+    |
[ 2813.326695] cloud-init[941]: |       o.=o= .   |
[ 2813.330924] cloud-init[941]: |       .B o =Eo. |
[ 2813.334949] cloud-init[941]: |      .+ + +.+*o |
[ 2813.339324] cloud-init[941]: |     ...S o.o+o. |
[ 2813.345246] cloud-init[941]: |     .+o = .. ..o|
[ 2813.350185] cloud-init[941]: |    . .+o .   ooo|
[ 2813.354628] cloud-init[941]: |     .o.       +.|
[ 2813.360716] cloud-init[941]: |    ..          .|
[ 2813.367252] cloud-init[941]: +----[SHA256]-----+
[[0;32m  OK  [0m] Started Regular background program processing daemon.
[[0;32m  OK  [0m] Started irqbalance daemon.
         Starting LSB: Record successful boot for GRUB...
[[0;32m  OK  [0m] Started FUSE filesystem for LXC.
         Starting Snap Daemon...
[[0;32m  OK  [0m] Started System Logging Service.
[[0;32m  OK  [0m] Started Cleanup of Temporary Directories.
[[0;32m  OK  [0m] Started Permit User Sessions.
[[0;32m  OK  [0m] Started Login Service.
         Starting Authorization Manager...
[[0;32m  OK  [0m] Started Unattended Upgrades Shutdown.
         Starting Terminate Plymouth Boot Screen...
         Starting Hold until boot process finishes up...
[[0;32m  OK  [0m] Started Hold until boot process finishes up.
         Starting Set console scheme...
[[0;32m  OK  [0m] Started Serial Getty on ttyS0.
[[0;32m  OK  [0m] Started Terminate Plymouth Boot Screen.
[[0;32m  OK  [0m] Started LSB: automatic crash report generation.
[[0;32m  OK  [0m] Started Authorization Manager.
[[0;32m  OK  [0m] Started Accounts Service.
[[0;32m  OK  [0m] Started Set console scheme.
[[0;32m  OK  [0m] Created slice system-getty.slice.
[[0;32m  OK  [0m] Started Getty on tty1.
[[0;32m  OK  [0m] Reached target Login Prompts.
[[0;32m  OK  [0m] Started LSB: Record successful boot for GRUB.
[[0;32m  OK  [0m] Started Virtualbox guest utils.
[[0;32m  OK  [0m] Started LXD - container startup/shutdown.
[[0;32m  OK  [0m] Started Dispatcher daemon for systemd-networkd.
[[0;32m  OK  [0m] Started Snap Daemon.
         Starting Wait until snapd is fully seeded...
         Starting Time & Date Service...
[[0;32m  OK  [0m] Started Time & Date Service.
[[0;32m  OK  [0m] Started Pollinate to seed the pseudo random number generator.
         Starting OpenBSD Secure Shell server...
[[0;32m  OK  [0m] Started OpenBSD Secure Shell server.

Ubuntu 18.04.6 LTS ubuntu-bionic ttyS0

ubuntu-bionic login: [ 2826.291599] cloud-init[1515]: Cloud-init v. 23.1.2-0ubuntu0~18.04.1 running 'modules:config' at Tue, 28 May 2024 08:46:42 +0000. Up 2825.74 seconds.
ci-info: no authorized SSH keys fingerprints found for user ubuntu.
<14>May 28 08:46:43 cloud-init: #############################################################
<14>May 28 08:46:43 cloud-init: -----BEGIN SSH HOST KEY FINGERPRINTS-----
<14>May 28 08:46:43 cloud-init: 1024 SHA256:Mpl6r023VWrOQMDpdlrlG2ZNLfzJ0S0GX1M1XJE+bVY root@ubuntu-bionic (DSA)
<14>May 28 08:46:43 cloud-init: 256 SHA256:govMTkSHYrXq9NZ6g5EDvaB7N5f9bJg0qjrnNMxlsVA root@ubuntu-bionic (ECDSA)
<14>May 28 08:46:43 cloud-init: 256 SHA256:H+J4MQ2qe7HBUWFdSCtmHP9JBgdatXwbvnMe3IGJVzI root@ubuntu-bionic (ED25519)
<14>May 28 08:46:43 cloud-init: 2048 SHA256:QbuY9TGhYqFsQ3NnTKsDcY1ucbnA5a00RGye+MJ5lfw root@ubuntu-bionic (RSA)
<14>May 28 08:46:43 cloud-init: -----END SSH HOST KEY FINGERPRINTS-----
<14>May 28 08:46:43 cloud-init: #############################################################
-----BEGIN SSH HOST KEY KEYS-----
ecdsa-sha2-nistp256 AAAAE2VjZHNhLXNoYTItbmlzdHAyNTYAAAAIbmlzdHAyNTYAAABBBCQPypfz6id1BJknRIYsrmc1UvTbdg6Eplf9j8DyYrq5vbIeclOFaHn0+RGOrzNWLeScvHRb3mJNmPfpVJ5FO1Q= root@ubuntu-bionic
ssh-ed25519 AAAAC3NzaC1lZDI1NTE5AAAAIG1dUOZccJxvJw9Td5adylY4dU5TjGq8EhuR5Q/o9C2+ root@ubuntu-bionic
ssh-rsa AAAAB3NzaC1yc2EAAAADAQABAAABAQDBRxwPvTQnc6Kz1RCUfufiw5OFSH9dFEYcijag6q+TEVg2LxeXGLR4TinzDaePh0xcD8vVHV371LpaUPMwXa6aLaa8JxPyHhn39cXbxEbCJwg/pVs4mET3IdeKowXsToZAwWOubruTTm2ppOJZFRxByjnUEU2J9LdFqPimD5yaNr7WZgKRICBDHnuF2jjZIp5YsuiaAZmKs+80GuR0zc3EBvBGsyA2gooSinF2xkWvFxR2CzCk8lZ5tyrW6ZkfFrQpnFU+gwCBxyhxqL56r+nuqlkxBeZHPLT8XOEUtB8AJN6c2qU32+o2X03gGxsheN4fU7Ds7U5T7pYVNDUBupKh root@ubuntu-bionic
-----END SSH HOST KEY KEYS-----
[ 2826.939074] cloud-init[1560]: Cloud-init v. 23.1.2-0ubuntu0~18.04.1 running 'modules:final' at Tue, 28 May 2024 08:46:43 +0000. Up 2826.72 seconds.
[ 2826.939184] cloud-init[1560]: Cloud-init v. 23.1.2-0ubuntu0~18.04.1 finished at Tue, 28 May 2024 08:46:43 +0000. Datasource DataSourceNoCloud [seed=/dev/sdb][dsmode=net].  Up 2826.93 seconds
